<?xml version="1.0" encoding="UTF-8"?>
<testng-results skipped="0" failed="0" ignored="0" total="1" passed="1">
  <reporter-output>
  </reporter-output>
  <suite name="Default suite" duration-ms="16648" started-at="2020-03-08T15:46:52 EDT" finished-at="2020-03-08T15:47:08 EDT">
    <groups>
    </groups>
    <test name="Default test" duration-ms="16648" started-at="2020-03-08T15:46:52 EDT" finished-at="2020-03-08T15:47:08 EDT">
      <class name="com.sun.RightClickTest">
        <test-method status="PASS" signature="setup()[pri:0, instance:com.sun.RightClickTest@5a8e6209]" name="setup" is-config="true" duration-ms="12622" started-at="2020-03-08T15:46:52 EDT" finished-at="2020-03-08T15:47:04 EDT">
          <reporter-output>
          </reporter-output>
        </test-method> <!-- setup -->
        <test-method status="PASS" signature="rightClicktest()[pri:0, instance:com.sun.RightClickTest@5a8e6209]" name="rightClicktest" duration-ms="2807" started-at="2020-03-08T15:47:04 EDT" finished-at="2020-03-08T15:47:07 EDT">
          <reporter-output>
          </reporter-output>
        </test-method> <!-- rightClicktest -->
        <test-method status="PASS" signature="tearDown()[pri:0, instance:com.sun.RightClickTest@5a8e6209]" name="tearDown" is-config="true" duration-ms="1113" started-at="2020-03-08T15:47:07 EDT" finished-at="2020-03-08T15:47:08 EDT">
          <reporter-output>
          </reporter-output>
        </test-method> <!-- tearDown -->
      </class> <!-- com.sun.RightClickTest -->
    </test> <!-- Default test -->
  </suite> <!-- Default suite -->
</testng-results>
